<?xml version="1.0" encoding="UTF-8"?>
<testng-results ignored="0" total="5" passed="5" failed="0" skipped="0">
  <reporter-output>
  </reporter-output>
  <suite started-at="2024-04-02T13:05:33 IST" name="Default suite" finished-at="2024-04-02T13:05:38 IST" duration-ms="5643">
    <groups>
      <group name="cucumber">
        <method signature="AbstractTestNGCucumberTests.runScenario(io.cucumber.testng.PickleWrapper,io.cucumber.testng.FeatureWrapper)[pri:0, instance:RunnerFile.TestNgclass@533bda92]" name="runScenario" class="io.cucumber.testng.AbstractTestNGCucumberTests"/>
      </group> <!-- cucumber -->
    </groups>
    <test started-at="2024-04-02T13:05:33 IST" name="Default test" finished-at="2024-04-02T13:05:38 IST" duration-ms="5643">
      <class name="RunnerFile.TestNgclass">
        <test-method is-config="true" signature="setUpClass(org.testng.ITestContext)[pri:0, instance:RunnerFile.TestNgclass@533bda92]" started-at="2024-04-02T13:05:33 IST" name="setUpClass" finished-at="2024-04-02T13:05:33 IST" duration-ms="817" status="PASS">
          <params>
            <param index="0">
              <value>
                <![CDATA[org.testng.TestRunner@54c60202]]>
              </value>
            </param>
          </params>
          <reporter-output>
          </reporter-output>
        </test-method> <!-- setUpClass -->
        <test-method signature="runScenario(io.cucumber.testng.PickleWrapper,io.cucumber.testng.FeatureWrapper)[pri:0, instance:RunnerFile.TestNgclass@533bda92]" started-at="2024-04-02T13:05:33 IST" name="runScenario" description="Runs Cucumber Scenarios" data-provider="scenarios" finished-at="2024-04-02T13:05:34 IST" duration-ms="170" status="PASS">
          <params>
            <param index="0">
              <value>
                <![CDATA["Into Health Devices page"]]>
              </value>
            </param>
            <param index="1">
              <value>
                <![CDATA["Login to Apollo247"]]>
              </value>
            </param>
          </params>
          <reporter-output>
          </reporter-output>
        </test-method> <!-- runScenario -->
        <test-method signature="runScenario(io.cucumber.testng.PickleWrapper,io.cucumber.testng.FeatureWrapper)[pri:0, instance:RunnerFile.TestNgclass@533bda92]" started-at="2024-04-02T13:05:34 IST" name="runScenario" description="Runs Cucumber Scenarios" data-provider="scenarios" finished-at="2024-04-02T13:05:34 IST" duration-ms="12" status="PASS">
          <params>
            <param index="0">
              <value>
                <![CDATA["Into Ayurveda page"]]>
              </value>
            </param>
            <param index="1">
              <value>
                <![CDATA["Login to Apollo247"]]>
              </value>
            </param>
          </params>
          <reporter-output>
          </reporter-output>
        </test-method> <!-- runScenario -->
        <test-method signature="runScenario(io.cucumber.testng.PickleWrapper,io.cucumber.testng.FeatureWrapper)[pri:0, instance:RunnerFile.TestNgclass@533bda92]" started-at="2024-04-02T13:05:34 IST" name="runScenario" description="Runs Cucumber Scenarios" data-provider="scenarios" finished-at="2024-04-02T13:05:34 IST" duration-ms="11" status="PASS">
          <params>
            <param index="0">
              <value>
                <![CDATA["Into Personal care page"]]>
              </value>
            </param>
            <param index="1">
              <value>
                <![CDATA["Login to Apollo247"]]>
              </value>
            </param>
          </params>
          <reporter-output>
          </reporter-output>
        </test-method> <!-- runScenario -->
        <test-method signature="runScenario(io.cucumber.testng.PickleWrapper,io.cucumber.testng.FeatureWrapper)[pri:0, instance:RunnerFile.TestNgclass@533bda92]" started-at="2024-04-02T13:05:34 IST" name="runScenario" description="Runs Cucumber Scenarios" data-provider="scenarios" finished-at="2024-04-02T13:05:34 IST" duration-ms="7" status="PASS">
          <params>
            <param index="0">
              <value>
                <![CDATA["Into cart page"]]>
              </value>
            </param>
            <param index="1">
              <value>
                <![CDATA["Login to Apollo247"]]>
              </value>
            </param>
          </params>
          <reporter-output>
          </reporter-output>
        </test-method> <!-- runScenario -->
        <test-method signature="runScenario(io.cucumber.testng.PickleWrapper,io.cucumber.testng.FeatureWrapper)[pri:0, instance:RunnerFile.TestNgclass@533bda92]" started-at="2024-04-02T13:05:34 IST" name="runScenario" description="Runs Cucumber Scenarios" data-provider="scenarios" finished-at="2024-04-02T13:05:34 IST" duration-ms="12" status="PASS">
          <params>
            <param index="0">
              <value>
                <![CDATA["Into Searchbar"]]>
              </value>
            </param>
            <param index="1">
              <value>
                <![CDATA["Login to Apollo247"]]>
              </value>
            </param>
          </params>
          <reporter-output>
          </reporter-output>
        </test-method> <!-- runScenario -->
        <test-method is-config="true" signature="tearDownClass()[pri:0, instance:RunnerFile.TestNgclass@533bda92]" started-at="2024-04-02T13:05:34 IST" name="tearDownClass" finished-at="2024-04-02T13:05:38 IST" duration-ms="4569" status="PASS">
          <reporter-output>
          </reporter-output>
        </test-method> <!-- tearDownClass -->
      </class> <!-- RunnerFile.TestNgclass -->
    </test> <!-- Default test -->
  </suite> <!-- Default suite -->
</testng-results>
